2023-05-30 08:58:12.341 INFO  c.yangstar.train.member.config.MemberApplication  :51   [32m                  [0;39m Starting MemberApplication using Java 17.0.7 with PID 3252 (F:\ç½‘èµšå­¦ä¹ \04.æ–°ç‰ˆSpringboot3.0æ‰“é€ èƒ½è½åœ°çš„é«˜å¹¶å‘ä»¿12306å”®ç¥¨-æ— å¯†æ›´æ–°ä¸­ç¬¬å…«ç« \code\demo1\member\target\classes started by yangstar in F:\ç½‘èµšå­¦ä¹ \04.æ–°ç‰ˆSpringboot3.0æ‰“é€ èƒ½è½åœ°çš„é«˜å¹¶å‘ä»¿12306å”®ç¥¨-æ— å¯†æ›´æ–°ä¸­ç¬¬å…«ç« \code\demo1)
2023-05-30 08:58:12.347 INFO  c.yangstar.train.member.config.MemberApplication  :630  [32m                  [0;39m No active profile set, falling back to 1 default profile: "default"
2023-05-30 08:58:12.396 INFO  o.s.b.d.env.DevToolsPropertyDefaultsPostProcessor :250  [32m                  [0;39m Devtools property defaults active! Set 'spring.devtools.add-properties' to 'false' to disable
2023-05-30 08:58:12.397 INFO  o.s.b.d.env.DevToolsPropertyDefaultsPostProcessor :250  [32m                  [0;39m For additional web related logging consider setting the 'logging.level.web' property to 'DEBUG'
2023-05-30 08:58:13.121 INFO  o.springframework.cloud.context.scope.GenericScope:282  [32m                  [0;39m BeanFactory id=366ed35f-0e01-375f-8934-e93d2b851f69
2023-05-30 08:58:13.753 INFO  o.s.boot.web.embedded.tomcat.TomcatWebServer      :114  [32m                  [0;39m Tomcat initialized with port(s): 8001 (http)
2023-05-30 08:58:13.764 INFO  org.apache.coyote.http11.Http11NioProtocol        :173  [32m                  [0;39m Initializing ProtocolHandler ["http-nio-8001"]
2023-05-30 08:58:13.764 INFO  org.apache.catalina.core.StandardService          :173  [32m                  [0;39m Starting service [Tomcat]
2023-05-30 08:58:13.765 INFO  org.apache.catalina.core.StandardEngine           :173  [32m                  [0;39m Starting Servlet engine: [Apache Tomcat/10.1.1]
2023-05-30 08:58:13.832 INFO  o.a.c.c.C.[Tomcat].[localhost].[/member]          :173  [32m                  [0;39m Initializing Spring embedded WebApplicationContext
2023-05-30 08:58:13.834 INFO  o.s.b.w.s.c.ServletWebServerApplicationContext    :291  [32m                  [0;39m Root WebApplicationContext: initialization completed in 1435 ms
2023-05-30 08:58:14.526 INFO  o.s.b.d.autoconfigure.OptionalLiveReloadServer    :59   [32m                  [0;39m LiveReload server is running on port 35729
2023-05-30 08:58:15.774 INFO  org.springframework.cloud.commons.util.InetUtils  :170  [32m                  [0;39m Cannot determine local hostname
2023-05-30 08:58:15.828 INFO  org.apache.coyote.http11.Http11NioProtocol        :173  [32m                  [0;39m Starting ProtocolHandler ["http-nio-8001"]
2023-05-30 08:58:15.851 INFO  o.s.boot.web.embedded.tomcat.TomcatWebServer      :226  [32m                  [0;39m Tomcat started on port(s): 8001 (http) with context path '/member'
2023-05-30 08:58:17.120 INFO  org.springframework.cloud.commons.util.InetUtils  :170  [32m                  [0;39m Cannot determine local hostname
2023-05-30 08:58:17.137 INFO  c.yangstar.train.member.config.MemberApplication  :57   [32m                  [0;39m Started MemberApplication in 6.538 seconds (process running for 7.262)
2023-05-30 08:58:17.139 INFO  c.yangstar.train.member.config.MemberApplication  :22   [32m                  [0;39m å¯åŠ¨æˆåŠŸï¼ï¼
2023-05-30 08:58:17.140 INFO  c.yangstar.train.member.config.MemberApplication  :23   [32m                  [0;39m æµ‹è¯•åœ°å€: 	http://127.0.0.1:8001/hello
2023-05-30 09:03:46.018 INFO  c.yangstar.train.member.config.MemberApplication  :51   [32m                  [0;39m Starting MemberApplication using Java 17.0.7 with PID 39636 (F:\ç½‘èµšå­¦ä¹ \04.æ–°ç‰ˆSpringboot3.0æ‰“é€ èƒ½è½åœ°çš„é«˜å¹¶å‘ä»¿12306å”®ç¥¨-æ— å¯†æ›´æ–°ä¸­ç¬¬å…«ç« \code\demo1\member\target\classes started by yangstar in F:\ç½‘èµšå­¦ä¹ \04.æ–°ç‰ˆSpringboot3.0æ‰“é€ èƒ½è½åœ°çš„é«˜å¹¶å‘ä»¿12306å”®ç¥¨-æ— å¯†æ›´æ–°ä¸­ç¬¬å…«ç« \code\demo1)
2023-05-30 09:03:46.021 INFO  c.yangstar.train.member.config.MemberApplication  :630  [32m                  [0;39m No active profile set, falling back to 1 default profile: "default"
2023-05-30 09:03:46.065 INFO  o.s.b.d.env.DevToolsPropertyDefaultsPostProcessor :250  [32m                  [0;39m Devtools property defaults active! Set 'spring.devtools.add-properties' to 'false' to disable
2023-05-30 09:03:46.065 INFO  o.s.b.d.env.DevToolsPropertyDefaultsPostProcessor :250  [32m                  [0;39m For additional web related logging consider setting the 'logging.level.web' property to 'DEBUG'
2023-05-30 09:03:46.630 INFO  o.springframework.cloud.context.scope.GenericScope:282  [32m                  [0;39m BeanFactory id=366ed35f-0e01-375f-8934-e93d2b851f69
2023-05-30 09:03:47.133 INFO  o.s.boot.web.embedded.tomcat.TomcatWebServer      :114  [32m                  [0;39m Tomcat initialized with port(s): 8001 (http)
2023-05-30 09:03:47.140 INFO  org.apache.coyote.http11.Http11NioProtocol        :173  [32m                  [0;39m Initializing ProtocolHandler ["http-nio-8001"]
2023-05-30 09:03:47.140 INFO  org.apache.catalina.core.StandardService          :173  [32m                  [0;39m Starting service [Tomcat]
2023-05-30 09:03:47.140 INFO  org.apache.catalina.core.StandardEngine           :173  [32m                  [0;39m Starting Servlet engine: [Apache Tomcat/10.1.1]
2023-05-30 09:03:47.202 INFO  o.a.c.c.C.[Tomcat].[localhost].[/member]          :173  [32m                  [0;39m Initializing Spring embedded WebApplicationContext
2023-05-30 09:03:47.203 INFO  o.s.b.w.s.c.ServletWebServerApplicationContext    :291  [32m                  [0;39m Root WebApplicationContext: initialization completed in 1137 ms
2023-05-30 09:03:47.801 INFO  o.s.b.d.autoconfigure.OptionalLiveReloadServer    :59   [32m                  [0;39m LiveReload server is running on port 35729
2023-05-30 09:03:49.056 INFO  org.springframework.cloud.commons.util.InetUtils  :170  [32m                  [0;39m Cannot determine local hostname
2023-05-30 09:03:49.096 INFO  org.apache.coyote.http11.Http11NioProtocol        :173  [32m                  [0;39m Starting ProtocolHandler ["http-nio-8001"]
2023-05-30 09:03:49.124 INFO  o.s.boot.web.embedded.tomcat.TomcatWebServer      :226  [32m                  [0;39m Tomcat started on port(s): 8001 (http) with context path '/member'
2023-05-30 09:03:50.394 INFO  org.springframework.cloud.commons.util.InetUtils  :170  [32m                  [0;39m Cannot determine local hostname
2023-05-30 09:03:50.400 INFO  c.yangstar.train.member.config.MemberApplication  :57   [32m                  [0;39m Started MemberApplication in 6.07 seconds (process running for 6.661)
2023-05-30 09:03:50.403 INFO  c.yangstar.train.member.config.MemberApplication  :22   [32m                  [0;39m å¯åŠ¨æˆåŠŸï¼ï¼
2023-05-30 09:03:50.403 INFO  c.yangstar.train.member.config.MemberApplication  :23   [32m                  [0;39m æµ‹è¯•åœ°å€: 	http://127.0.0.1:8001/hello
2023-05-30 09:05:47.337 INFO  o.a.c.c.C.[Tomcat].[localhost].[/member]          :173  [32m                  [0;39m Initializing Spring DispatcherServlet 'dispatcherServlet'
2023-05-30 09:05:47.338 INFO  org.springframework.web.servlet.DispatcherServlet :525  [32m                  [0;39m Initializing Servlet 'dispatcherServlet'
2023-05-30 09:05:47.339 INFO  org.springframework.web.servlet.DispatcherServlet :547  [32m                  [0;39m Completed initialization in 1 ms
2023-05-30 09:06:43.291 INFO  com.yangstar.train.common.aspect.LogAspect        :54   [32m1685408803284ehz  [0;39m ------------- å¼€å§‹ -------------
2023-05-30 09:06:43.292 INFO  com.yangstar.train.common.aspect.LogAspect        :55   [32m1685408803284ehz  [0;39m è¯·æ±‚åœ°å€: http://localhost:8001/member/hello GET
2023-05-30 09:06:43.292 INFO  com.yangstar.train.common.aspect.LogAspect        :56   [32m1685408803284ehz  [0;39m ç±»åæ–¹æ³•: com.yangstar.train.member.controller.TestController.hello
2023-05-30 09:06:43.292 INFO  com.yangstar.train.common.aspect.LogAspect        :57   [32m1685408803284ehz  [0;39m è¿œç¨‹åœ°å€: 127.0.0.1
2023-05-30 09:06:43.328 INFO  com.yangstar.train.common.aspect.LogAspect        :78   [32m1685408803284ehz  [0;39m è¯·æ±‚å‚æ•°: []
2023-05-30 09:06:43.330 INFO  com.yangstar.train.common.aspect.LogAspect        :90   [32m1685408803284ehz  [0;39m è¿”å›ç»“æœ: "hello yangstar!!!"
2023-05-30 09:06:43.330 INFO  com.yangstar.train.common.aspect.LogAspect        :91   [32m1685408803284ehz  [0;39m ------------- ç»“æŸ è€—æ—¶ï¼š46 ms -------------
